[debug] [2019-10-01T12:09:43.251Z] ----------------------------------------------------------------------
[debug] [2019-10-01T12:09:43.267Z] Command:       C:\Program Files\nodejs\node.exe C:\Users\shweta\AppData\Roaming\npm\node_modules\firebase-tools\lib\bin\firebase.js login
[debug] [2019-10-01T12:09:43.267Z] CLI Version:   7.4.0
[debug] [2019-10-01T12:09:43.267Z] Platform:      win32
[debug] [2019-10-01T12:09:43.267Z] Node Version:  v10.16.0
[debug] [2019-10-01T12:09:43.267Z] Time:          Tue Oct 01 2019 17:39:43 GMT+0530 (India Standard Time)
[debug] [2019-10-01T12:09:43.267Z] ----------------------------------------------------------------------
[debug] 
[info] i  Firebase optionally collects CLI usage and error reporting information to help improve our products. Data is collected in accordance with Google's privacy policy (https://policies.google.com/privacy) and is not used to identify you.

[info] 
[info] Visit this URL on this device to log in:
[info] https://accounts.google.com/o/oauth2/auth?client_id=563584335869-fgrhgmd47bqnekij5i8b5pr03ho849e6.apps.googleusercontent.com&scope=email%20openid%20https%3A%2F%2Fwww.googleapis.com%2Fauth%2Fcloudplatformprojects.readonly%20https%3A%2F%2Fwww.googleapis.com%2Fauth%2Ffirebase%20https%3A%2F%2Fwww.googleapis.com%2Fauth%2Fcloud-platform&response_type=code&state=534472203&redirect_uri=http%3A%2F%2Flocalhost%3A9005
[info] 
[info] Waiting for authentication...
[debug] [2019-10-01T12:09:55.785Z] Error: spawn cmd ENOENT
    at Process.ChildProcess._handle.onexit (internal/child_process.js:240:19)
    at onErrorNT (internal/child_process.js:415:16)
    at process._tickCallback (internal/process/next_tick.js:63:19)
[error] 
[error] Error: An unexpected error has occurred.
